<?xml version="1.0" encoding="UTF-8"?>
<!-- Generated by org.testng.reporters.JUnitReportReporter -->
<testsuite name="Test.ExtentReport_TestNG" tests="1" time="4.872" ignored="0" failures="0" timestamp="25 Sep 2021 20:35:59 GMT" skipped="0" hostname="LAPTOP-KVF11IFR" errors="0">
  <testcase name="test1" time="4.872" classname="Test.ExtentReport_TestNG"/>
</testsuite> <!-- Test.ExtentReport_TestNG -->
